Copyright 1986-2022 Xilinx, Inc. All Rights Reserved.
---------------------------------------------------------------------------------------
| Tool Version : Vivado v.2022.1 (lin64) Build 3526262 Mon Apr 18 15:47:01 MDT 2022
| Date         : Thu Nov 14 14:38:47 2024
| Host         : anthony-HP-Pavilion-Laptop-15-cc1xx running 64-bit Ubuntu 22.04.5 LTS
| Command      : report_control_sets -verbose -file remove_CRC_control_sets_placed.rpt
| Design       : remove_CRC
| Device       : xc7s25
---------------------------------------------------------------------------------------

Control Set Information

Table of Contents
-----------------
1. Summary
2. Histogram
3. Flip-Flop Distribution
4. Detailed Control Set Information

1. Summary
----------

+----------------------------------------------------------+-------+
|                          Status                          | Count |
+----------------------------------------------------------+-------+
| Total control sets                                       |    19 |
|    Minimum number of control sets                        |    19 |
|    Addition due to synthesis replication                 |     0 |
|    Addition due to physical synthesis replication        |     0 |
| Unused register locations in slices containing registers |    93 |
+----------------------------------------------------------+-------+
* Control sets can be merged at opt_design using control_set_merge or merge_equivalent_drivers
** Run report_qor_suggestions for automated merging and remapping suggestions


2. Histogram
------------

+--------------------+-------+
|       Fanout       | Count |
+--------------------+-------+
| Total control sets |    19 |
| >= 0 to < 4        |    12 |
| >= 4 to < 6        |     3 |
| >= 6 to < 8        |     0 |
| >= 8 to < 10       |     3 |
| >= 10 to < 12      |     0 |
| >= 12 to < 14      |     0 |
| >= 14 to < 16      |     0 |
| >= 16              |     1 |
+--------------------+-------+
* Control sets can be remapped at either synth_design or opt_design


3. Flip-Flop Distribution
-------------------------

+--------------+-----------------------+------------------------+-----------------+--------------+
| Clock Enable | Synchronous Set/Reset | Asynchronous Set/Reset | Total Registers | Total Slices |
+--------------+-----------------------+------------------------+-----------------+--------------+
| No           | No                    | No                     |               2 |            2 |
| No           | No                    | Yes                    |               5 |            3 |
| No           | Yes                   | No                     |               1 |            1 |
| Yes          | No                    | No                     |               9 |            3 |
| Yes          | No                    | Yes                    |              54 |           26 |
| Yes          | Yes                   | No                     |              12 |            4 |
+--------------+-----------------------+------------------------+-----------------+--------------+


4. Detailed Control Set Information
-----------------------------------

+-----------------------------+--------------------------------+--------------------------------+------------------+----------------+--------------+
|         Clock Signal        |          Enable Signal         |        Set/Reset Signal        | Slice Load Count | Bel Load Count | Bels / Slice |
+-----------------------------+--------------------------------+--------------------------------+------------------+----------------+--------------+
|  clk_wiz_inst/inst/clk_out1 |                                | uart_tx_inst/cnt[7]_i_1_n_0    |                1 |              1 |         1.00 |
|  clk_wiz_inst/inst/clk_out1 | miso_out_i_1_n_0               |                                |                1 |              1 |         1.00 |
|  clk_wiz_inst/inst/clk_out1 | rx_buffer[7]_i_1_n_0           | reset_IBUF                     |                1 |              1 |         1.00 |
|  clk_wiz_inst/inst/clk_out1 | rx_buffer[0]_i_1_n_0           | reset_IBUF                     |                1 |              1 |         1.00 |
|  clk_wiz_inst/inst/clk_out1 | rx_buffer[1]_i_1_n_0           | reset_IBUF                     |                1 |              1 |         1.00 |
|  clk_wiz_inst/inst/clk_out1 | rx_buffer[2]_i_1_n_0           | reset_IBUF                     |                1 |              1 |         1.00 |
|  clk_wiz_inst/inst/clk_out1 | rx_buffer[3]_i_1_n_0           | reset_IBUF                     |                1 |              1 |         1.00 |
|  clk_wiz_inst/inst/clk_out1 | rx_buffer[4]_i_1_n_0           | reset_IBUF                     |                1 |              1 |         1.00 |
|  clk_wiz_inst/inst/clk_out1 | rx_buffer[5]_i_1_n_0           | reset_IBUF                     |                1 |              1 |         1.00 |
|  clk_wiz_inst/inst/clk_out1 | rx_buffer[6]_i_1_n_0           | reset_IBUF                     |                1 |              1 |         1.00 |
|  clk_wiz_inst/inst/clk_out1 |                                |                                |                2 |              2 |         1.00 |
|  clk_wiz_inst/inst/clk_out1 | mosi_i_1_n_0                   | reset_IBUF                     |                1 |              2 |         2.00 |
|  clk_wiz_inst/inst/clk_out1 | leds[3]_i_1_n_0                | reset_IBUF                     |                1 |              4 |         4.00 |
|  clk_wiz_inst/inst/clk_out1 | uart_tx_inst/bitcnt[3]_i_2_n_0 | uart_tx_inst/bitcnt[3]_i_1_n_0 |                1 |              4 |         4.00 |
|  clk_wiz_inst/inst/clk_out1 |                                | reset_IBUF                     |                3 |              5 |         1.67 |
|  clk_wiz_inst/inst/clk_out1 | Byte1[7]_i_1_n_0               |                                |                2 |              8 |         4.00 |
|  clk_wiz_inst/inst/clk_out1 | uart_tx_inst/E[0]              | reset_IBUF                     |                2 |              8 |         4.00 |
|  clk_wiz_inst/inst/clk_out1 | uart_tx_inst/cnt[7]_i_2_n_0    | uart_tx_inst/cnt[7]_i_1_n_0    |                3 |              8 |         2.67 |
|  clk_wiz_inst/inst/clk_out1 | bit_counter                    | reset_IBUF                     |               14 |             32 |         2.29 |
+-----------------------------+--------------------------------+--------------------------------+------------------+----------------+--------------+


