
*** Running vivado
    with args -log slave_sync_sclk_1_process.vds -m64 -product Vivado -mode batch -messageDb vivado.pb -notrace -source slave_sync_sclk_1_process.tcl


****** Vivado v2022.1 (64-bit)
  **** SW Build 3526262 on Mon Apr 18 15:47:01 MDT 2022
  **** IP Build 3524634 on Mon Apr 18 20:55:01 MDT 2022
    ** Copyright 1986-2022 Xilinx, Inc. All Rights Reserved.

source slave_sync_sclk_1_process.tcl -notrace
Command: read_checkpoint -auto_incremental -incremental /home/anthony/VL53L8CX/Septembre/SPI_VHDL/SPI_master/SPI_master.srcs/utils_1/imports/synth_1/spi_master.dcp
INFO: [Vivado 12-5825] Read reference checkpoint from /home/anthony/VL53L8CX/Septembre/SPI_VHDL/SPI_master/SPI_master.srcs/utils_1/imports/synth_1/spi_master.dcp for incremental synthesis
INFO: [Vivado 12-7989] Please ensure there are no constraint changes
Command: synth_design -top slave_sync_sclk_1_process -part xc7s25csga225-1
Starting synth_design
Attempting to get a license for feature 'Synthesis' and/or device 'xc7s25'
INFO: [Common 17-349] Got license for feature 'Synthesis' and/or device 'xc7s25'
INFO: [Device 21-403] Loading part xc7s25csga225-1
INFO: [Designutils 20-5440] No compile time benefit to using incremental synthesis; A full resynthesis will be run
INFO: [Designutils 20-4379] Flow is switching to default flow due to incremental criteria not met. If you would like to alter this behaviour and have the flow terminate instead, please set the following parameter config_implementation {autoIncr.Synth.RejectBehavior Terminate}
INFO: [Synth 8-7079] Multithreading enabled for synth_design using a maximum of 4 processes.
INFO: [Synth 8-7078] Launching helper process for spawning children vivado processes
INFO: [Synth 8-7075] Helper process launched with PID 81474
---------------------------------------------------------------------------------
Starting RTL Elaboration : Time (s): cpu = 00:00:04 ; elapsed = 00:00:05 . Memory (MB): peak = 3130.609 ; gain = 0.000 ; free physical = 179 ; free virtual = 1931
---------------------------------------------------------------------------------
INFO: [Synth 8-638] synthesizing module 'slave_sync_sclk_1_process' [/home/anthony/VL53L8CX/october/SPI_master/SPI_master.srcs/sources_1/new/slave_sync_sclk_1_process.vhd:24]
INFO: [Synth 8-3491] module 'clk_wiz_0' declared at '/home/anthony/VL53L8CX/october/SPI_master/SPI_master.gen/sources_1/ip/clk_wiz_0/clk_wiz_0.v:68' bound to instance 'clk_wiz_inst' of component 'clk_wiz_0' [/home/anthony/VL53L8CX/october/SPI_master/SPI_master.srcs/sources_1/new/slave_sync_sclk_1_process.vhd:49]
INFO: [Synth 8-6157] synthesizing module 'clk_wiz_0' [/home/anthony/VL53L8CX/october/SPI_master/SPI_master.gen/sources_1/ip/clk_wiz_0/clk_wiz_0.v:68]
INFO: [Synth 8-6157] synthesizing module 'clk_wiz_0_clk_wiz' [/home/anthony/VL53L8CX/october/SPI_master/SPI_master.gen/sources_1/ip/clk_wiz_0/clk_wiz_0_clk_wiz.v:68]
INFO: [Synth 8-6157] synthesizing module 'IBUF' [/tools/Xilinx/Vivado/2022.1/scripts/rt/data/unisim_comp.v:55203]
INFO: [Synth 8-6155] done synthesizing module 'IBUF' (0#1) [/tools/Xilinx/Vivado/2022.1/scripts/rt/data/unisim_comp.v:55203]
INFO: [Synth 8-6157] synthesizing module 'MMCME2_ADV' [/tools/Xilinx/Vivado/2022.1/scripts/rt/data/unisim_comp.v:63509]
	Parameter BANDWIDTH bound to: OPTIMIZED - type: string 
	Parameter CLKFBOUT_MULT_F bound to: 62.500000 - type: double 
	Parameter CLKFBOUT_PHASE bound to: 0.000000 - type: double 
	Parameter CLKFBOUT_USE_FINE_PS bound to: FALSE - type: string 
	Parameter CLKIN1_PERIOD bound to: 83.333000 - type: double 
	Parameter CLKOUT0_DIVIDE_F bound to: 3.750000 - type: double 
	Parameter CLKOUT0_DUTY_CYCLE bound to: 0.500000 - type: double 
	Parameter CLKOUT0_PHASE bound to: 0.000000 - type: double 
	Parameter CLKOUT0_USE_FINE_PS bound to: FALSE - type: string 
	Parameter CLKOUT4_CASCADE bound to: FALSE - type: string 
	Parameter COMPENSATION bound to: ZHOLD - type: string 
	Parameter DIVCLK_DIVIDE bound to: 1 - type: integer 
	Parameter STARTUP_WAIT bound to: FALSE - type: string 
INFO: [Synth 8-6155] done synthesizing module 'MMCME2_ADV' (0#1) [/tools/Xilinx/Vivado/2022.1/scripts/rt/data/unisim_comp.v:63509]
INFO: [Synth 8-6157] synthesizing module 'BUFG' [/tools/Xilinx/Vivado/2022.1/scripts/rt/data/unisim_comp.v:1082]
INFO: [Synth 8-6155] done synthesizing module 'BUFG' (0#1) [/tools/Xilinx/Vivado/2022.1/scripts/rt/data/unisim_comp.v:1082]
INFO: [Synth 8-6155] done synthesizing module 'clk_wiz_0_clk_wiz' (0#1) [/home/anthony/VL53L8CX/october/SPI_master/SPI_master.gen/sources_1/ip/clk_wiz_0/clk_wiz_0_clk_wiz.v:68]
INFO: [Synth 8-6155] done synthesizing module 'clk_wiz_0' (0#1) [/home/anthony/VL53L8CX/october/SPI_master/SPI_master.gen/sources_1/ip/clk_wiz_0/clk_wiz_0.v:68]
INFO: [Synth 8-256] done synthesizing module 'slave_sync_sclk_1_process' (0#1) [/home/anthony/VL53L8CX/october/SPI_master/SPI_master.srcs/sources_1/new/slave_sync_sclk_1_process.vhd:24]
WARNING: [Synth 8-3848] Net reset_out in module/entity slave_sync_sclk_1_process does not have driver. [/home/anthony/VL53L8CX/october/SPI_master/SPI_master.srcs/sources_1/new/slave_sync_sclk_1_process.vhd:18]
WARNING: [Synth 8-7129] Port reset_out in module slave_sync_sclk_1_process is either unconnected or has no load
---------------------------------------------------------------------------------
Finished RTL Elaboration : Time (s): cpu = 00:00:06 ; elapsed = 00:00:07 . Memory (MB): peak = 3138.609 ; gain = 8.000 ; free physical = 1085 ; free virtual = 2800
---------------------------------------------------------------------------------
---------------------------------------------------------------------------------
Start Handling Custom Attributes
---------------------------------------------------------------------------------
---------------------------------------------------------------------------------
Finished Handling Custom Attributes : Time (s): cpu = 00:00:06 ; elapsed = 00:00:07 . Memory (MB): peak = 3138.609 ; gain = 8.000 ; free physical = 1085 ; free virtual = 2805
---------------------------------------------------------------------------------
---------------------------------------------------------------------------------
Finished RTL Optimization Phase 1 : Time (s): cpu = 00:00:06 ; elapsed = 00:00:07 . Memory (MB): peak = 3138.609 ; gain = 8.000 ; free physical = 1084 ; free virtual = 2805
---------------------------------------------------------------------------------
Netlist sorting complete. Time (s): cpu = 00:00:00 ; elapsed = 00:00:00 . Memory (MB): peak = 3138.609 ; gain = 0.000 ; free physical = 1053 ; free virtual = 2778
INFO: [Netlist 29-17] Analyzing 1 Unisim elements for replacement
INFO: [Netlist 29-28] Unisim Transformation completed in 0 CPU seconds
INFO: [Project 1-570] Preparing netlist for logic optimization

Processing XDC Constraints
Initializing timing engine
Parsing XDC File [/home/anthony/VL53L8CX/october/SPI_master/SPI_master.gen/sources_1/ip/clk_wiz_0/clk_wiz_0_board.xdc] for cell 'clk_wiz_inst/inst'
Finished Parsing XDC File [/home/anthony/VL53L8CX/october/SPI_master/SPI_master.gen/sources_1/ip/clk_wiz_0/clk_wiz_0_board.xdc] for cell 'clk_wiz_inst/inst'
Parsing XDC File [/home/anthony/VL53L8CX/october/SPI_master/SPI_master.gen/sources_1/ip/clk_wiz_0/clk_wiz_0.xdc] for cell 'clk_wiz_inst/inst'
Finished Parsing XDC File [/home/anthony/VL53L8CX/october/SPI_master/SPI_master.gen/sources_1/ip/clk_wiz_0/clk_wiz_0.xdc] for cell 'clk_wiz_inst/inst'
INFO: [Project 1-236] Implementation specific constraints were found while reading constraint file [/home/anthony/VL53L8CX/october/SPI_master/SPI_master.gen/sources_1/ip/clk_wiz_0/clk_wiz_0.xdc]. These constraints will be ignored for synthesis but will be used in implementation. Impacted constraints are listed in the file [.Xil/slave_sync_sclk_1_process_propImpl.xdc].
Resolution: To avoid this warning, move constraints listed in [.Xil/slave_sync_sclk_1_process_propImpl.xdc] to another XDC file and exclude this new file from synthesis with the used_in_synthesis property (File Properties dialog in GUI) and re-run elaboration/synthesis.
INFO: [Timing 38-2] Deriving generated clocks
Parsing XDC File [/home/anthony/VL53L8CX/october/SPI_master/SPI_master.srcs/constrs_1/imports/SPI_VHDL/Cmod-S7-25-Master.xdc]
WARNING: [Vivado 12-584] No ports matched 'button'. [/home/anthony/VL53L8CX/october/SPI_master/SPI_master.srcs/constrs_1/imports/SPI_VHDL/Cmod-S7-25-Master.xdc:20]
CRITICAL WARNING: [Common 17-55] 'set_property' expects at least one object. [/home/anthony/VL53L8CX/october/SPI_master/SPI_master.srcs/constrs_1/imports/SPI_VHDL/Cmod-S7-25-Master.xdc:20]
Resolution: If [get_<value>] was used to populate the object, check to make sure this command returns at least one valid object.
WARNING: [Vivado 12-584] No ports matched 'mosi'. [/home/anthony/VL53L8CX/october/SPI_master/SPI_master.srcs/constrs_1/imports/SPI_VHDL/Cmod-S7-25-Master.xdc:57]
CRITICAL WARNING: [Common 17-55] 'set_property' expects at least one object. [/home/anthony/VL53L8CX/october/SPI_master/SPI_master.srcs/constrs_1/imports/SPI_VHDL/Cmod-S7-25-Master.xdc:57]
Resolution: If [get_<value>] was used to populate the object, check to make sure this command returns at least one valid object.
WARNING: [Vivado 12-584] No ports matched 'pio5'. [/home/anthony/VL53L8CX/october/SPI_master/SPI_master.srcs/constrs_1/imports/SPI_VHDL/Cmod-S7-25-Master.xdc:61]
CRITICAL WARNING: [Common 17-55] 'set_property' expects at least one object. [/home/anthony/VL53L8CX/october/SPI_master/SPI_master.srcs/constrs_1/imports/SPI_VHDL/Cmod-S7-25-Master.xdc:61]
Resolution: If [get_<value>] was used to populate the object, check to make sure this command returns at least one valid object.
WARNING: [Vivado 12-584] No ports matched 'pio6'. [/home/anthony/VL53L8CX/october/SPI_master/SPI_master.srcs/constrs_1/imports/SPI_VHDL/Cmod-S7-25-Master.xdc:62]
CRITICAL WARNING: [Common 17-55] 'set_property' expects at least one object. [/home/anthony/VL53L8CX/october/SPI_master/SPI_master.srcs/constrs_1/imports/SPI_VHDL/Cmod-S7-25-Master.xdc:62]
Resolution: If [get_<value>] was used to populate the object, check to make sure this command returns at least one valid object.
WARNING: [Vivado 12-584] No ports matched 'pio7'. [/home/anthony/VL53L8CX/october/SPI_master/SPI_master.srcs/constrs_1/imports/SPI_VHDL/Cmod-S7-25-Master.xdc:63]
CRITICAL WARNING: [Common 17-55] 'set_property' expects at least one object. [/home/anthony/VL53L8CX/october/SPI_master/SPI_master.srcs/constrs_1/imports/SPI_VHDL/Cmod-S7-25-Master.xdc:63]
Resolution: If [get_<value>] was used to populate the object, check to make sure this command returns at least one valid object.
WARNING: [Vivado 12-584] No ports matched 'pio8'. [/home/anthony/VL53L8CX/october/SPI_master/SPI_master.srcs/constrs_1/imports/SPI_VHDL/Cmod-S7-25-Master.xdc:64]
CRITICAL WARNING: [Common 17-55] 'set_property' expects at least one object. [/home/anthony/VL53L8CX/october/SPI_master/SPI_master.srcs/constrs_1/imports/SPI_VHDL/Cmod-S7-25-Master.xdc:64]
Resolution: If [get_<value>] was used to populate the object, check to make sure this command returns at least one valid object.
WARNING: [Vivado 12-584] No ports matched 'pio9'. [/home/anthony/VL53L8CX/october/SPI_master/SPI_master.srcs/constrs_1/imports/SPI_VHDL/Cmod-S7-25-Master.xdc:65]
CRITICAL WARNING: [Common 17-55] 'set_property' expects at least one object. [/home/anthony/VL53L8CX/october/SPI_master/SPI_master.srcs/constrs_1/imports/SPI_VHDL/Cmod-S7-25-Master.xdc:65]
Resolution: If [get_<value>] was used to populate the object, check to make sure this command returns at least one valid object.
WARNING: [Vivado 12-584] No ports matched 'miso_out2'. [/home/anthony/VL53L8CX/october/SPI_master/SPI_master.srcs/constrs_1/imports/SPI_VHDL/Cmod-S7-25-Master.xdc:69]
CRITICAL WARNING: [Common 17-55] 'set_property' expects at least one object. [/home/anthony/VL53L8CX/october/SPI_master/SPI_master.srcs/constrs_1/imports/SPI_VHDL/Cmod-S7-25-Master.xdc:69]
Resolution: If [get_<value>] was used to populate the object, check to make sure this command returns at least one valid object.
Finished Parsing XDC File [/home/anthony/VL53L8CX/october/SPI_master/SPI_master.srcs/constrs_1/imports/SPI_VHDL/Cmod-S7-25-Master.xdc]
INFO: [Project 1-236] Implementation specific constraints were found while reading constraint file [/home/anthony/VL53L8CX/october/SPI_master/SPI_master.srcs/constrs_1/imports/SPI_VHDL/Cmod-S7-25-Master.xdc]. These constraints will be ignored for synthesis but will be used in implementation. Impacted constraints are listed in the file [.Xil/slave_sync_sclk_1_process_propImpl.xdc].
Resolution: To avoid this warning, move constraints listed in [.Xil/slave_sync_sclk_1_process_propImpl.xdc] to another XDC file and exclude this new file from synthesis with the used_in_synthesis property (File Properties dialog in GUI) and re-run elaboration/synthesis.
Parsing XDC File [/home/anthony/VL53L8CX/october/SPI_master/SPI_master.runs/synth_1/dont_touch.xdc]
Finished Parsing XDC File [/home/anthony/VL53L8CX/october/SPI_master/SPI_master.runs/synth_1/dont_touch.xdc]
INFO: [Project 1-236] Implementation specific constraints were found while reading constraint file [/home/anthony/VL53L8CX/october/SPI_master/SPI_master.runs/synth_1/dont_touch.xdc]. These constraints will be ignored for synthesis but will be used in implementation. Impacted constraints are listed in the file [.Xil/slave_sync_sclk_1_process_propImpl.xdc].
Resolution: To avoid this warning, move constraints listed in [.Xil/slave_sync_sclk_1_process_propImpl.xdc] to another XDC file and exclude this new file from synthesis with the used_in_synthesis property (File Properties dialog in GUI) and re-run elaboration/synthesis.
Completed Processing XDC Constraints

Netlist sorting complete. Time (s): cpu = 00:00:00 ; elapsed = 00:00:00 . Memory (MB): peak = 3202.641 ; gain = 0.000 ; free physical = 1001 ; free virtual = 2752
INFO: [Project 1-111] Unisim Transformation Summary:
No Unisim elements were transformed.

Constraint Validation Runtime : Time (s): cpu = 00:00:00.01 ; elapsed = 00:00:00 . Memory (MB): peak = 3202.641 ; gain = 0.000 ; free physical = 1001 ; free virtual = 2752
INFO: [Designutils 20-5440] No compile time benefit to using incremental synthesis; A full resynthesis will be run
INFO: [Designutils 20-4379] Flow is switching to default flow due to incremental criteria not met. If you would like to alter this behaviour and have the flow terminate instead, please set the following parameter config_implementation {autoIncr.Synth.RejectBehavior Terminate}
---------------------------------------------------------------------------------
Finished Constraint Validation : Time (s): cpu = 00:00:13 ; elapsed = 00:00:14 . Memory (MB): peak = 3202.641 ; gain = 72.031 ; free physical = 1052 ; free virtual = 2806
---------------------------------------------------------------------------------
---------------------------------------------------------------------------------
Start Loading Part and Timing Information
---------------------------------------------------------------------------------
Loading part: xc7s25csga225-1
---------------------------------------------------------------------------------
Finished Loading Part and Timing Information : Time (s): cpu = 00:00:13 ; elapsed = 00:00:14 . Memory (MB): peak = 3202.641 ; gain = 72.031 ; free physical = 1052 ; free virtual = 2807
---------------------------------------------------------------------------------
---------------------------------------------------------------------------------
Start Applying 'set_property' XDC Constraints
---------------------------------------------------------------------------------
Applied set_property KEEP_HIERARCHY = SOFT for clk_wiz_inst/inst. (constraint file  /home/anthony/VL53L8CX/october/SPI_master/SPI_master.runs/synth_1/dont_touch.xdc, line 10).
Applied set_property KEEP_HIERARCHY = SOFT for clk_wiz_inst. (constraint file  auto generated constraint).
---------------------------------------------------------------------------------
Finished applying 'set_property' XDC Constraints : Time (s): cpu = 00:00:13 ; elapsed = 00:00:14 . Memory (MB): peak = 3202.641 ; gain = 72.031 ; free physical = 1052 ; free virtual = 2807
---------------------------------------------------------------------------------
INFO: [Synth 8-802] inferred FSM for state register 'state_reg' in module 'slave_sync_sclk_1_process'
---------------------------------------------------------------------------------------------------
                   State |                     New Encoding |                Previous Encoding 
---------------------------------------------------------------------------------------------------
                 iSTATE0 |                              001 | 00000000000000000000000000000000
                 iSTATE1 |                              010 | 00000000000000000000000000000001
                  iSTATE |                              100 | 00000000000000000000000000000010
*
---------------------------------------------------------------------------------------------------
INFO: [Synth 8-3354] encoded FSM with state register 'state_reg' using encoding 'one-hot' in module 'slave_sync_sclk_1_process'
---------------------------------------------------------------------------------
Finished RTL Optimization Phase 2 : Time (s): cpu = 00:00:13 ; elapsed = 00:00:14 . Memory (MB): peak = 3202.641 ; gain = 72.031 ; free physical = 1076 ; free virtual = 2838
---------------------------------------------------------------------------------
---------------------------------------------------------------------------------
Start RTL Component Statistics 
---------------------------------------------------------------------------------
Detailed RTL Component Info : 
+---Adders : 
	   2 Input   32 Bit       Adders := 2     
+---Registers : 
	               32 Bit    Registers := 1     
	                8 Bit    Registers := 1     
	                4 Bit    Registers := 1     
	                1 Bit    Registers := 2     
+---Muxes : 
	   2 Input   32 Bit        Muxes := 1     
	   2 Input    8 Bit        Muxes := 1     
	   3 Input    8 Bit        Muxes := 1     
	   3 Input    3 Bit        Muxes := 1     
	   3 Input    1 Bit        Muxes := 2     
	   2 Input    1 Bit        Muxes := 1     
---------------------------------------------------------------------------------
Finished RTL Component Statistics 
---------------------------------------------------------------------------------
---------------------------------------------------------------------------------
Start Part Resource Summary
---------------------------------------------------------------------------------
Part Resources:
DSPs: 80 (col length:40)
BRAMs: 90 (col length: RAMB18 40 RAMB36 20)
---------------------------------------------------------------------------------
Finished Part Resource Summary
---------------------------------------------------------------------------------
---------------------------------------------------------------------------------
Start Cross Boundary and Area Optimization
---------------------------------------------------------------------------------
WARNING: [Synth 8-7080] Parallel synthesis criteria is not met
WARNING: [Synth 8-7129] Port reset_out in module slave_sync_sclk_1_process is either unconnected or has no load
---------------------------------------------------------------------------------
Finished Cross Boundary and Area Optimization : Time (s): cpu = 00:00:15 ; elapsed = 00:00:16 . Memory (MB): peak = 3202.641 ; gain = 72.031 ; free physical = 1083 ; free virtual = 2857
---------------------------------------------------------------------------------
---------------------------------------------------------------------------------
Start Applying XDC Timing Constraints
---------------------------------------------------------------------------------
---------------------------------------------------------------------------------
Finished Applying XDC Timing Constraints : Time (s): cpu = 00:00:20 ; elapsed = 00:00:21 . Memory (MB): peak = 3202.641 ; gain = 72.031 ; free physical = 919 ; free virtual = 2807
---------------------------------------------------------------------------------
---------------------------------------------------------------------------------
Start Timing Optimization
---------------------------------------------------------------------------------
---------------------------------------------------------------------------------
Finished Timing Optimization : Time (s): cpu = 00:00:20 ; elapsed = 00:00:21 . Memory (MB): peak = 3202.641 ; gain = 72.031 ; free physical = 904 ; free virtual = 2793
---------------------------------------------------------------------------------
---------------------------------------------------------------------------------
Start Technology Mapping
---------------------------------------------------------------------------------
---------------------------------------------------------------------------------
Finished Technology Mapping : Time (s): cpu = 00:00:20 ; elapsed = 00:00:21 . Memory (MB): peak = 3202.641 ; gain = 72.031 ; free physical = 904 ; free virtual = 2793
---------------------------------------------------------------------------------
---------------------------------------------------------------------------------
Start IO Insertion
---------------------------------------------------------------------------------
---------------------------------------------------------------------------------
Start Flattening Before IO Insertion
---------------------------------------------------------------------------------
---------------------------------------------------------------------------------
Finished Flattening Before IO Insertion
---------------------------------------------------------------------------------
---------------------------------------------------------------------------------
Start Final Netlist Cleanup
---------------------------------------------------------------------------------
---------------------------------------------------------------------------------
Finished Final Netlist Cleanup
---------------------------------------------------------------------------------
---------------------------------------------------------------------------------
Finished IO Insertion : Time (s): cpu = 00:00:24 ; elapsed = 00:00:26 . Memory (MB): peak = 3202.641 ; gain = 72.031 ; free physical = 837 ; free virtual = 2798
---------------------------------------------------------------------------------
---------------------------------------------------------------------------------
Start Renaming Generated Instances
---------------------------------------------------------------------------------
---------------------------------------------------------------------------------
Finished Renaming Generated Instances : Time (s): cpu = 00:00:24 ; elapsed = 00:00:26 . Memory (MB): peak = 3202.641 ; gain = 72.031 ; free physical = 837 ; free virtual = 2798
---------------------------------------------------------------------------------
---------------------------------------------------------------------------------
Start Rebuilding User Hierarchy
---------------------------------------------------------------------------------
---------------------------------------------------------------------------------
Finished Rebuilding User Hierarchy : Time (s): cpu = 00:00:25 ; elapsed = 00:00:26 . Memory (MB): peak = 3202.641 ; gain = 72.031 ; free physical = 837 ; free virtual = 2798
---------------------------------------------------------------------------------
---------------------------------------------------------------------------------
Start Renaming Generated Ports
---------------------------------------------------------------------------------
---------------------------------------------------------------------------------
Finished Renaming Generated Ports : Time (s): cpu = 00:00:25 ; elapsed = 00:00:26 . Memory (MB): peak = 3202.641 ; gain = 72.031 ; free physical = 837 ; free virtual = 2798
---------------------------------------------------------------------------------
---------------------------------------------------------------------------------
Start Handling Custom Attributes
---------------------------------------------------------------------------------
---------------------------------------------------------------------------------
Finished Handling Custom Attributes : Time (s): cpu = 00:00:25 ; elapsed = 00:00:26 . Memory (MB): peak = 3202.641 ; gain = 72.031 ; free physical = 837 ; free virtual = 2798
---------------------------------------------------------------------------------
---------------------------------------------------------------------------------
Start Renaming Generated Nets
---------------------------------------------------------------------------------
---------------------------------------------------------------------------------
Finished Renaming Generated Nets : Time (s): cpu = 00:00:25 ; elapsed = 00:00:26 . Memory (MB): peak = 3202.641 ; gain = 72.031 ; free physical = 837 ; free virtual = 2798
---------------------------------------------------------------------------------
---------------------------------------------------------------------------------
Start Writing Synthesis Report
---------------------------------------------------------------------------------

Report BlackBoxes: 
+-+--------------+----------+
| |BlackBox name |Instances |
+-+--------------+----------+
+-+--------------+----------+

Report Cell Usage: 
+------+-----------+------+
|      |Cell       |Count |
+------+-----------+------+
|1     |BUFG       |     2|
|2     |CARRY4     |    16|
|3     |LUT1       |    31|
|4     |LUT3       |    32|
|5     |LUT4       |     9|
|6     |LUT5       |     3|
|7     |LUT6       |    15|
|8     |MMCME2_ADV |     1|
|9     |FDCE       |    48|
|10    |FDPE       |     1|
|11    |IBUF       |     5|
|12    |OBUF       |    17|
|13    |OBUFT      |     1|
+------+-----------+------+
---------------------------------------------------------------------------------
Finished Writing Synthesis Report : Time (s): cpu = 00:00:25 ; elapsed = 00:00:26 . Memory (MB): peak = 3202.641 ; gain = 72.031 ; free physical = 837 ; free virtual = 2798
---------------------------------------------------------------------------------
Synthesis finished with 0 errors, 0 critical warnings and 2 warnings.
Synthesis Optimization Runtime : Time (s): cpu = 00:00:23 ; elapsed = 00:00:24 . Memory (MB): peak = 3202.641 ; gain = 8.000 ; free physical = 876 ; free virtual = 2837
Synthesis Optimization Complete : Time (s): cpu = 00:00:25 ; elapsed = 00:00:26 . Memory (MB): peak = 3202.641 ; gain = 72.031 ; free physical = 876 ; free virtual = 2837
INFO: [Project 1-571] Translating synthesized netlist
Netlist sorting complete. Time (s): cpu = 00:00:00 ; elapsed = 00:00:00 . Memory (MB): peak = 3202.641 ; gain = 0.000 ; free physical = 876 ; free virtual = 2839
INFO: [Netlist 29-17] Analyzing 17 Unisim elements for replacement
INFO: [Netlist 29-28] Unisim Transformation completed in 0 CPU seconds
INFO: [Project 1-570] Preparing netlist for logic optimization
INFO: [Opt 31-140] Inserted 1 IBUFs to IO ports without IO buffers.
WARNING: [Opt 31-35] Removing redundant IBUF, clk_wiz_inst/inst/clkin1_ibufg, from the path connected to top-level port: clk 
Resolution: The tool has removed redundant IBUF. To resolve this warning, check for redundant IBUF in the input design.
INFO: [Opt 31-138] Pushed 0 inverter(s) to 0 load pin(s).
Netlist sorting complete. Time (s): cpu = 00:00:00 ; elapsed = 00:00:00 . Memory (MB): peak = 3202.641 ; gain = 0.000 ; free physical = 863 ; free virtual = 2834
INFO: [Project 1-111] Unisim Transformation Summary:
No Unisim elements were transformed.

Synth Design complete, checksum: 26b467a8
INFO: [Common 17-83] Releasing license: Synthesis
42 Infos, 13 Warnings, 8 Critical Warnings and 0 Errors encountered.
synth_design completed successfully
synth_design: Time (s): cpu = 00:00:33 ; elapsed = 00:00:31 . Memory (MB): peak = 3202.641 ; gain = 72.031 ; free physical = 995 ; free virtual = 2965
INFO: [runtcl-6] Synthesis results are not added to the cache due to CRITICAL_WARNING
INFO: [Common 17-1381] The checkpoint '/home/anthony/VL53L8CX/october/SPI_master/SPI_master.runs/synth_1/slave_sync_sclk_1_process.dcp' has been generated.
INFO: [runtcl-4] Executing : report_utilization -file slave_sync_sclk_1_process_utilization_synth.rpt -pb slave_sync_sclk_1_process_utilization_synth.pb
INFO: [Common 17-206] Exiting Vivado at Wed Oct  9 17:37:39 2024...
